Determining if the pthread_create exist failed with the following output:
Change Dir: /home/jenningshu/catkin_ws/my_odom/build/CMakeFiles/CMakeTmp

Run Build Command:/usr/bin/make "cmTryCompileExec2566405262/fast"
make[1]: 正在进入目录 `/home/jenningshu/catkin_ws/my_odom/build/CMakeFiles/CMakeTmp'
/usr/bin/make -f CMakeFiles/cmTryCompileExec2566405262.dir/build.make CMakeFiles/cmTryCompileExec2566405262.dir/build
make[2]: 正在进入目录 `/home/jenningshu/catkin_ws/my_odom/build/CMakeFiles/CMakeTmp'
/usr/bin/cmake -E cmake_progress_report /home/jenningshu/catkin_ws/my_odom/build/CMakeFiles/CMakeTmp/CMakeFiles 1
Building C object CMakeFiles/cmTryCompileExec2566405262.dir/CheckSymbolExists.c.o
/usr/bin/cc    -o CMakeFiles/cmTryCompileExec2566405262.dir/CheckSymbolExists.c.o   -c /home/jenningshu/catkin_ws/my_odom/build/CMakeFiles/CMakeTmp/CheckSymbolExists.c
Linking C executable cmTryCompileExec2566405262
/usr/bin/cmake -E cmake_link_script CMakeFiles/cmTryCompileExec2566405262.dir/link.txt --verbose=1
/usr/bin/cc       CMakeFiles/cmTryCompileExec2566405262.dir/CheckSymbolExists.c.o  -o cmTryCompileExec2566405262 -rdynamic 
CMakeFiles/cmTryCompileExec2566405262.dir/CheckSymbolExists.c.o：在函数‘main’中：
CheckSymbolExists.c:(.text+0x16)：对‘pthread_create’未定义的引用
make[2]:正在离开目录 `/home/jenningshu/catkin_ws/my_odom/build/CMakeFiles/CMakeTmp'
make[1]:正在离开目录 `/home/jenningshu/catkin_ws/my_odom/build/CMakeFiles/CMakeTmp'
collect2: error: ld returned 1 exit status
make[2]: *** [cmTryCompileExec2566405262] 错误 1
make[1]: *** [cmTryCompileExec2566405262/fast] 错误 2

File /home/jenningshu/catkin_ws/my_odom/build/CMakeFiles/CMakeTmp/CheckSymbolExists.c:
/* */
#include <pthread.h>

int main(int argc, char** argv)
{
  (void)argv;
#ifndef pthread_create
  return ((int*)(&pthread_create))[argc];
#else
  (void)argc;
  return 0;
#endif
}

Determining if the function pthread_create exists in the pthreads failed with the following output:
Change Dir: /home/jenningshu/catkin_ws/my_odom/build/CMakeFiles/CMakeTmp

Run Build Command:/usr/bin/make "cmTryCompileExec1605084491/fast"
make[1]: 正在进入目录 `/home/jenningshu/catkin_ws/my_odom/build/CMakeFiles/CMakeTmp'
/usr/bin/make -f CMakeFiles/cmTryCompileExec1605084491.dir/build.make CMakeFiles/cmTryCompileExec1605084491.dir/build
make[2]: 正在进入目录 `/home/jenningshu/catkin_ws/my_odom/build/CMakeFiles/CMakeTmp'
/usr/bin/cmake -E cmake_progress_report /home/jenningshu/catkin_ws/my_odom/build/CMakeFiles/CMakeTmp/CMakeFiles 1
Building C object CMakeFiles/cmTryCompileExec1605084491.dir/CheckFunctionExists.c.o
/usr/bin/cc   -DCHECK_FUNCTION_EXISTS=pthread_create   -o CMakeFiles/cmTryCompileExec1605084491.dir/CheckFunctionExists.c.o   -c /usr/share/cmake-2.8/Modules/CheckFunctionExists.c
Linking C executable cmTryCompileExec1605084491
/usr/bin/cmake -E cmake_link_script CMakeFiles/cmTryCompileExec1605084491.dir/link.txt --verbose=1
/usr/bin/cc   -DCHECK_FUNCTION_EXISTS=pthread_create    CMakeFiles/cmTryCompileExec1605084491.dir/CheckFunctionExists.c.o  -o cmTryCompileExec1605084491 -rdynamic -lpthreads 
/usr/bin/ld: cannot find -lpthreads
make[2]:正在离开目录 `/home/jenningshu/catkin_ws/my_odom/build/CMakeFiles/CMakeTmp'
make[1]:正在离开目录 `/home/jenningshu/catkin_ws/my_odom/build/CMakeFiles/CMakeTmp'
collect2: error: ld returned 1 exit status
make[2]: *** [cmTryCompileExec1605084491] 错误 1
make[1]: *** [cmTryCompileExec1605084491/fast] 错误 2


